\BOOKMARK [0][-]{chapter.1}{Introduction}{}% 1
\BOOKMARK [1][-]{section.1.1}{Data\040Visualization}{chapter.1}% 2
\BOOKMARK [2][-]{subsection.1.1.1}{Information\040Visualization}{section.1.1}% 3
\BOOKMARK [2][-]{subsection.1.1.2}{Geospatial\040visualization}{section.1.1}% 4
\BOOKMARK [2][-]{subsection.1.1.3}{Interactive\040Visualization}{section.1.1}% 5
\BOOKMARK [2][-]{subsection.1.1.4}{Dynamic\040Geospatial\040Maps}{section.1.1}% 6
\BOOKMARK [1][-]{section.1.2}{Challenges}{chapter.1}% 7
\BOOKMARK [1][-]{section.1.3}{Contribution}{chapter.1}% 8
\BOOKMARK [1][-]{section.1.4}{Thesis\040Structure}{chapter.1}% 9
\BOOKMARK [0][-]{chapter.2}{Survey\040of\040Surveys\040\(SoS\)}{}% 10
\BOOKMARK [1][-]{section.2.1}{Introduction\040and\040Motivation}{chapter.2}% 11
\BOOKMARK [2][-]{subsection.2.1.1}{Literature-based\040Challenges\040in\040the\040Field}{section.2.1}% 12
\BOOKMARK [2][-]{subsection.2.1.2}{Literature\040Search\040Methodology}{section.2.1}% 13
\BOOKMARK [2][-]{subsection.2.1.3}{Classification\040Overview}{section.2.1}% 14
\BOOKMARK [2][-]{subsection.2.1.4}{SoS\040Scope}{section.2.1}% 15
\BOOKMARK [2][-]{subsection.2.1.5}{Background}{section.2.1}% 16
\BOOKMARK [2][-]{subsection.2.1.6}{Organization\040of\040The\040SoS}{section.2.1}% 17
\BOOKMARK [1][-]{section.2.2}{A\040Classification\040of\040Classifications}{chapter.2}% 18
\BOOKMARK [1][-]{section.2.3}{Survey\040Papers}{chapter.2}% 19
\BOOKMARK [2][-]{subsection.2.3.1}{Data-Centric\040Survey\040Papers}{section.2.3}% 20
\BOOKMARK [2][-]{subsection.2.3.2}{Multivariate\040&\040Hierarchical}{section.2.3}% 21
\BOOKMARK [2][-]{subsection.2.3.3}{Graphs\040&\040Networks}{section.2.3}% 22
\BOOKMARK [2][-]{subsection.2.3.4}{Geospace\040+\040Time}{section.2.3}% 23
\BOOKMARK [2][-]{subsection.2.3.5}{Coordinated\040Multiple\040View\040\(CMV\)\040Surveys}{section.2.3}% 24
\BOOKMARK [2][-]{subsection.2.3.6}{Real-World\040and\040Applications}{section.2.3}% 25
\BOOKMARK [2][-]{subsection.2.3.7}{Overview\040Surveys}{section.2.3}% 26
\BOOKMARK [1][-]{section.2.4}{Future\040Work}{chapter.2}% 27
\BOOKMARK [1][-]{section.2.5}{Limitations}{chapter.2}% 28
\BOOKMARK [1][-]{section.2.6}{Conclusion}{chapter.2}% 29
\BOOKMARK [0][-]{chapter.3}{Dynamic\040Maps}{}% 30
\BOOKMARK [1][-]{section.3.1}{Introduction}{chapter.3}% 31
\BOOKMARK [1][-]{section.3.2}{Background}{chapter.3}% 32
\BOOKMARK [2][-]{subsection.3.2.1}{Zooming}{section.3.2}% 33
\BOOKMARK [2][-]{subsection.3.2.2}{Choropleths}{section.3.2}% 34
\BOOKMARK [2][-]{subsection.3.2.3}{Cartographic\040Generalization}{section.3.2}% 35
\BOOKMARK [1][-]{section.3.3}{Methodology}{chapter.3}% 36
\BOOKMARK [2][-]{subsection.3.3.1}{Method\040Overview}{section.3.3}% 37
\BOOKMARK [2][-]{subsection.3.3.2}{Order\040Area\040Polygon\040Vertices}{section.3.3}% 38
\BOOKMARK [2][-]{subsection.3.3.3}{Identifying\040Adjacent\040Neighbors\040&\040Contiguous\040Regions}{section.3.3}% 39
\BOOKMARK [2][-]{subsection.3.3.4}{Building\040the\040Hierarchical\040Data\040Structure}{section.3.3}% 40
\BOOKMARK [2][-]{subsection.3.3.5}{Boundary\040Neighbor\040Selection\040&\040Amalgamation\040Criteria}{section.3.3}% 41
\BOOKMARK [2][-]{subsection.3.3.6}{Creating\040Parent\040Area}{section.3.3}% 42
\BOOKMARK [2][-]{subsection.3.3.7}{Updating\040the\040Sorted\040List\040with\040the\040Parent}{section.3.3}% 43
\BOOKMARK [2][-]{subsection.3.3.8}{Selecting\040Visible\040Boundaries}{section.3.3}% 44
\BOOKMARK [2][-]{subsection.3.3.9}{Storing\040Values\040of\040Amalgamated\040Areas}{section.3.3}% 45
\BOOKMARK [1][-]{section.3.4}{Results\040and\040Performance}{chapter.3}% 46
\BOOKMARK [1][-]{section.3.5}{Conclusion}{chapter.3}% 47
\BOOKMARK [0][-]{chapter.4}{User\040Study}{}% 48
\BOOKMARK [1][-]{section.4.1}{Introduction}{chapter.4}% 49
\BOOKMARK [1][-]{section.4.2}{Background}{chapter.4}% 50
\BOOKMARK [1][-]{section.4.3}{Experimental\040User\040Tasks}{chapter.4}% 51
\BOOKMARK [1][-]{section.4.4}{Experimental\040Variables}{chapter.4}% 52
\BOOKMARK [2][-]{subsection.4.4.1}{Dependent\040Variables}{section.4.4}% 53
\BOOKMARK [2][-]{subsection.4.4.2}{Control\040Variables}{section.4.4}% 54
\BOOKMARK [1][-]{section.4.5}{Perceivability\040Experiment}{chapter.4}% 55
\BOOKMARK [2][-]{subsection.4.5.1}{Equipment}{section.4.5}% 56
\BOOKMARK [2][-]{subsection.4.5.2}{Procedure}{section.4.5}% 57
\BOOKMARK [2][-]{subsection.4.5.3}{Stored\040Experimental\040Data}{section.4.5}% 58
\BOOKMARK [1][-]{section.4.6}{User-Study\040Results}{chapter.4}% 59
\BOOKMARK [2][-]{subsection.4.6.1}{T1\040Analysis}{section.4.6}% 60
\BOOKMARK [2][-]{subsection.4.6.2}{T2\040Analysis}{section.4.6}% 61
\BOOKMARK [2][-]{subsection.4.6.3}{T3\040Analysis}{section.4.6}% 62
\BOOKMARK [2][-]{subsection.4.6.4}{Anecdotal\040Results}{section.4.6}% 63
\BOOKMARK [1][-]{section.4.7}{Supplementary\040Material}{chapter.4}% 64
\BOOKMARK [1][-]{section.4.8}{Conclusion}{chapter.4}% 65
\BOOKMARK [0][-]{chapter.5}{Multivariate\040Maps}{}% 66
\BOOKMARK [1][-]{section.5.1}{Introduction\040and\040Motivation}{chapter.5}% 67
\BOOKMARK [1][-]{section.5.2}{Background}{chapter.5}% 68
\BOOKMARK [1][-]{section.5.3}{Design\040Goals\040and\040Tasks}{chapter.5}% 69
\BOOKMARK [1][-]{section.5.4}{Overview}{chapter.5}% 70
\BOOKMARK [2][-]{subsection.5.4.1}{Pre-processing}{section.5.4}% 71
\BOOKMARK [2][-]{subsection.5.4.2}{Geospatial\040Glyph\040Placement}{section.5.4}% 72
\BOOKMARK [2][-]{subsection.5.4.3}{Glyph\040Selection}{section.5.4}% 73
\BOOKMARK [2][-]{subsection.5.4.4}{Adjusting\040Level-of-Detail\040with\040Glyph\040Density}{section.5.4}% 74
\BOOKMARK [2][-]{subsection.5.4.5}{Smooth\040Merging\040and\040Splitting\040Transitions}{section.5.4}% 75
\BOOKMARK [2][-]{subsection.5.4.6}{Dynamic\040Average\040Glyph\040Legend}{section.5.4}% 76
\BOOKMARK [2][-]{subsection.5.4.7}{Attribute\040Filtering}{section.5.4}% 77
\BOOKMARK [2][-]{subsection.5.4.8}{Unit\040Area\040Density\040Indicators}{section.5.4}% 78
\BOOKMARK [2][-]{subsection.5.4.9}{Interactive\040User\040Options}{section.5.4}% 79
\BOOKMARK [1][-]{section.5.5}{Evaluation}{chapter.5}% 80
\BOOKMARK [2][-]{subsection.5.5.1}{Case\040Studies}{section.5.5}% 81
\BOOKMARK [2][-]{subsection.5.5.2}{Comparative\040Evaluation:\040Grid-Placement\040vs.\040Dynamic\040Placement}{section.5.5}% 82
\BOOKMARK [1][-]{section.5.6}{Conclusion}{chapter.5}% 83
\BOOKMARK [0][-]{chapter.6}{Software\040Design\040and\040Development}{}% 84
\BOOKMARK [1][-]{section.6.1}{Introduction\040and\040Motivation}{chapter.6}% 85
\BOOKMARK [1][-]{section.6.2}{Debug\040Visualization\040for\040Geospatial\040Maps}{chapter.6}% 86
\BOOKMARK [2][-]{subsection.6.2.1}{Debug\040Geospatial\040Visualization\040Concepts}{section.6.2}% 87
\BOOKMARK [2][-]{subsection.6.2.2}{Geospatial\040Data\040Loading\040Verification}{section.6.2}% 88
\BOOKMARK [2][-]{subsection.6.2.3}{Contiguity\040Visualization}{section.6.2}% 89
\BOOKMARK [2][-]{subsection.6.2.4}{Hierarchy\040Building\040Visualization}{section.6.2}% 90
\BOOKMARK [1][-]{section.6.3}{Intersection\040Testing\040for\040Primatives}{chapter.6}% 91
\BOOKMARK [2][-]{subsection.6.3.1}{Motivation}{section.6.3}% 92
\BOOKMARK [2][-]{subsection.6.3.2}{Graphical\040User\040Interface}{section.6.3}% 93
\BOOKMARK [2][-]{subsection.6.3.3}{Using\040Primatives}{section.6.3}% 94
\BOOKMARK [2][-]{subsection.6.3.4}{Open\040Source}{section.6.3}% 95
\BOOKMARK [1][-]{section.6.4}{The\040Complexities\040of\040Identifying\040a\040Boundary}{chapter.6}% 96
\BOOKMARK [2][-]{subsection.6.4.1}{Unification\040of\040Area\040Pair}{section.6.4}% 97
\BOOKMARK [2][-]{subsection.6.4.2}{Identifying\040the\040Start\040and\040End\040of\040a\040Shared\040Boundary}{section.6.4}% 98
\BOOKMARK [0][-]{chapter.7}{Conclusion}{}% 99
\BOOKMARK [1][-]{section.7.1}{What\040are\040you\040hiding\040from\040me?\040A\040review\040of\040data\040resolution,\040expectations\040and\040fears,\040and\040realistic\040counter-measures\040in\040visualization.}{chapter.7}% 100
\BOOKMARK [2][-]{subsection.7.1.1}{Introduction\040and\040Motivation}{section.7.1}% 101
\BOOKMARK [2][-]{subsection.7.1.2}{Cognitive\040Perception}{section.7.1}% 102
\BOOKMARK [2][-]{subsection.7.1.3}{Hidden\040Data}{section.7.1}% 103
\BOOKMARK [2][-]{subsection.7.1.4}{Overview\040without\040full\040detail}{section.7.1}% 104
\BOOKMARK [2][-]{subsection.7.1.5}{Conclusion}{section.7.1}% 105
\BOOKMARK [1][-]{section.7.2}{Future\040Work}{chapter.7}% 106
\BOOKMARK [0][-]{appendix.A}{How\040To\040Write\040A\040Visualization\040Survey\040Paper:\040A\040Starting\040Point}{}% 107
\BOOKMARK [1][-]{section.A.1}{Introduction\040and\040Motivation}{appendix.A}% 108
\BOOKMARK [2][-]{subsection.A.1.1}{Contributions}{section.A.1}% 109
\BOOKMARK [2][-]{subsection.A.1.2}{Challenges\040of\040Writing\040a\040Survey}{section.A.1}% 110
\BOOKMARK [2][-]{subsection.A.1.3}{Literature Search Methodology  red ◆}{section.A.1}% 111
\BOOKMARK [2][-]{subsection.A.1.4}{Literature\040Classification\040Overview}{section.A.1}% 112
\BOOKMARK [2][-]{subsection.A.1.5}{Survey Scope  red ◆}{section.A.1}% 113
\BOOKMARK [2][-]{subsection.A.1.6}{Survey\040Paper\040Organization}{section.A.1}% 114
\BOOKMARK [1][-]{section.A.2}{Related\040Work}{appendix.A}% 115
\BOOKMARK [2][-]{subsection.A.2.1}{Background}{section.A.2}% 116
\BOOKMARK [1][-]{section.A.3}{Presenting\040the\040Main\040Literature\040Survey}{appendix.A}% 117
\BOOKMARK [2][-]{subsection.A.3.1}{Summarizing\040An\040Individual\040Research\040Paper}{section.A.3}% 118
\BOOKMARK [2][-]{subsection.A.3.2}{Developing a Literature Classification \(How To\)  red ◆}{section.A.3}% 119
\BOOKMARK [2][-]{subsection.A.3.3}{Identifying Classification Dimensions  red ◆}{section.A.3}% 120
\BOOKMARK [2][-]{subsection.A.3.4}{Literature Classification Types  red ◆}{section.A.3}% 121
\BOOKMARK [2][-]{subsection.A.3.5}{Paper\040Centered\040vs\040Topic\040Centered}{section.A.3}% 122
\BOOKMARK [1][-]{section.A.4}{Complementary\040Material}{appendix.A}% 123
\BOOKMARK [2][-]{subsection.A.4.1}{Figures}{section.A.4}% 124
\BOOKMARK [2][-]{subsection.A.4.2}{Collective\040Meta-Data\040for\040Comparison}{section.A.4}% 125
\BOOKMARK [2][-]{subsection.A.4.3}{Interactive\040Literature\040Browsers}{section.A.4}% 126
\BOOKMARK [1][-]{section.A.5}{Discussion\040and\040Future\040Challenges}{appendix.A}% 127
\BOOKMARK [1][-]{section.A.6}{Conclusions}{appendix.A}% 128
\BOOKMARK [0][-]{appendix.B}{Miscellanious}{}% 129
\BOOKMARK [1][-]{section.B.1}{Intersection\040Tester\040Doxygen\040Sample}{appendix.B}% 130
\BOOKMARK [1][-]{section.B.2}{Like,\040duh}{appendix.B}% 131
\BOOKMARK [1][-]{section.B.3}{y\040=\040\040x2}{appendix.B}% 132
\BOOKMARK [0][-]{chapter*.147}{Bibliography}{}% 133
\BOOKMARK [0][-]{chapter*.148}{List\040of\040figures}{}% 134
\BOOKMARK [0][-]{chapter*.149}{List\040of\040tables}{}% 135
